<?xml version="1.0" encoding="UTF-8"?>
<robot generator="Robot 4.1.2 (Python 3.10.1 on win32)" generated="20220131 22:22:15.817" rpa="false" schemaversion="2">
<suite id="s1" name="Tests" source="C:\Users\vaith\PycharmProjects\RobotTeladocTask\tests">
<suite id="s1-s1" name="testLandingPage" source="C:\Users\vaith\PycharmProjects\RobotTeladocTask\tests\testLandingPage.robot">
<test id="s1-s1-t1" name="User1">
<kw name="open the browser with based on user input" library="Generic" type="SETUP">
<kw name="Create Webdriver" library="SeleniumLibrary">
<arg>${browser_name}</arg>
<arg>executable_path=/Users/vaith/chromeDriver/geckodriver</arg>
<doc>Creates an instance of Selenium WebDriver.</doc>
<msg timestamp="20220131 22:22:16.099" level="INFO">Creating an instance of the Firefox WebDriver.</msg>
<status status="PASS" starttime="20220131 22:22:16.098" endtime="20220131 22:22:22.419"/>
</kw>
<kw name="Go To" library="SeleniumLibrary">
<arg>${url}</arg>
<doc>Navigates the current browser window to the provided ``url``.</doc>
<msg timestamp="20220131 22:22:22.420" level="INFO">Opening url 'http://www.way2automation.com/angularjs-protractor/webtables/'</msg>
<status status="PASS" starttime="20220131 22:22:22.419" endtime="20220131 22:22:26.290"/>
</kw>
<status status="PASS" starttime="20220131 22:22:16.098" endtime="20220131 22:22:26.290"/>
</kw>
<kw name="Enter the new user details form">
<arg>TeladocUser FirstName</arg>
<kw name="Click on the Add User button and Enter new user details" library="LandingPage">
<arg>${FirstName}</arg>
<kw name="Click Button" library="SeleniumLibrary">
<arg>${add_user_btn}</arg>
<doc>Clicks the button identified by ``locator``.</doc>
<msg timestamp="20220131 22:22:26.292" level="INFO">Clicking button '//button[@type='add']'.</msg>
<status status="PASS" starttime="20220131 22:22:26.291" endtime="20220131 22:22:26.564"/>
</kw>
<kw name="Input Text" library="SeleniumLibrary">
<arg>${ffirstname}</arg>
<arg>${FirstName}</arg>
<doc>Types the given ``text`` into the text field identified by ``locator``.</doc>
<msg timestamp="20220131 22:22:26.564" level="INFO">Typing text 'TeladocUser FirstName' into text field 'css:input[name='FirstName']'.</msg>
<status status="PASS" starttime="20220131 22:22:26.564" endtime="20220131 22:22:26.629"/>
</kw>
<status status="PASS" starttime="20220131 22:22:26.291" endtime="20220131 22:22:26.630"/>
</kw>
<status status="PASS" starttime="20220131 22:22:26.290" endtime="20220131 22:22:26.630"/>
</kw>
<status status="PASS" starttime="20220131 22:22:16.097" endtime="20220131 22:22:26.630"/>
</test>
<test id="s1-s1-t2" name="User2">
<kw name="open the browser with based on user input" library="Generic" type="SETUP">
<kw name="Create Webdriver" library="SeleniumLibrary">
<arg>${browser_name}</arg>
<arg>executable_path=/Users/vaith/chromeDriver/geckodriver</arg>
<doc>Creates an instance of Selenium WebDriver.</doc>
<msg timestamp="20220131 22:22:26.633" level="INFO">Creating an instance of the Firefox WebDriver.</msg>
<status status="PASS" starttime="20220131 22:22:26.632" endtime="20220131 22:22:32.477"/>
</kw>
<kw name="Go To" library="SeleniumLibrary">
<arg>${url}</arg>
<doc>Navigates the current browser window to the provided ``url``.</doc>
<msg timestamp="20220131 22:22:32.478" level="INFO">Opening url 'http://www.way2automation.com/angularjs-protractor/webtables/'</msg>
<status status="PASS" starttime="20220131 22:22:32.477" endtime="20220131 22:22:35.205"/>
</kw>
<status status="PASS" starttime="20220131 22:22:26.632" endtime="20220131 22:22:35.205"/>
</kw>
<kw name="Enter the new user details form">
<arg>TeladocUser FirstName1</arg>
<kw name="Click on the Add User button and Enter new user details" library="LandingPage">
<arg>${FirstName}</arg>
<kw name="Click Button" library="SeleniumLibrary">
<arg>${add_user_btn}</arg>
<doc>Clicks the button identified by ``locator``.</doc>
<msg timestamp="20220131 22:22:35.206" level="INFO">Clicking button '//button[@type='add']'.</msg>
<status status="PASS" starttime="20220131 22:22:35.206" endtime="20220131 22:22:35.484"/>
</kw>
<kw name="Input Text" library="SeleniumLibrary">
<arg>${ffirstname}</arg>
<arg>${FirstName}</arg>
<doc>Types the given ``text`` into the text field identified by ``locator``.</doc>
<msg timestamp="20220131 22:22:35.485" level="INFO">Typing text 'TeladocUser FirstName1' into text field 'css:input[name='FirstName']'.</msg>
<status status="PASS" starttime="20220131 22:22:35.484" endtime="20220131 22:22:35.547"/>
</kw>
<status status="PASS" starttime="20220131 22:22:35.205" endtime="20220131 22:22:35.548"/>
</kw>
<status status="PASS" starttime="20220131 22:22:35.205" endtime="20220131 22:22:35.548"/>
</kw>
<status status="PASS" starttime="20220131 22:22:26.631" endtime="20220131 22:22:35.548"/>
</test>
<doc>To validate the login form</doc>
<status status="PASS" starttime="20220131 22:22:15.850" endtime="20220131 22:22:35.549"/>
</suite>
<status status="PASS" starttime="20220131 22:22:15.817" endtime="20220131 22:22:35.553"/>
</suite>
<statistics>
<total>
<stat pass="2" fail="0" skip="0">All Tests</stat>
</total>
<tag>
</tag>
<suite>
<stat pass="2" fail="0" skip="0" id="s1" name="Tests">Tests</stat>
<stat pass="2" fail="0" skip="0" id="s1-s1" name="testLandingPage">Tests.testLandingPage</stat>
</suite>
</statistics>
<errors>
</errors>
</robot>
